2020-07-01 18:05:11,038  INFO Version:21 - HV000001: Hibernate Validator 6.0.18.Final
2020-07-01 18:05:11,786  INFO Application:55 - Starting Application v1.0 on DESKTOP-GT35828 with PID 1480 (D:\word\kdzs\kdzs\server\zs.application\target\zs.application-1.0.war started by zhouhaiming in D:\word\kdzs\kdzs\server\zs.application\target)
2020-07-01 18:05:11,789  INFO Application:655 - The following profiles are active: dev
2020-07-01 18:05:14,456  INFO RepositoryConfigurationDelegate:127 - Bootstrapping Spring Data JDBC repositories in DEFAULT mode.
2020-07-01 18:05:14,617  INFO RepositoryConfigurationDelegate:187 - Finished Spring Data repository scanning in 150ms. Found 0 JDBC repository interfaces.
2020-07-01 18:05:15,103  WARN ClassPathMapperScanner:44 - Skipping MapperFactoryBean with name 'rolePermissionCustomMapper' and 'com.sundeinfo.kd.zs.dao.custom.RolePermissionCustomMapper' mapperInterface. Bean already defined with the same name!
2020-07-01 18:05:15,105  WARN ClassPathMapperScanner:44 - Skipping MapperFactoryBean with name 'schoolRecruitPlanMapper' and 'com.sundeinfo.kd.zs.dao.SchoolRecruitPlanMapper' mapperInterface. Bean already defined with the same name!
2020-07-01 18:05:15,107  WARN ClassPathMapperScanner:44 - Skipping MapperFactoryBean with name 'schoolRecruitSeasonMapper' and 'com.sundeinfo.kd.zs.dao.SchoolRecruitSeasonMapper' mapperInterface. Bean already defined with the same name!
2020-07-01 18:05:15,108  WARN ClassPathMapperScanner:44 - Skipping MapperFactoryBean with name 'areaMapper' and 'com.sundeinfo.kd.zs.dao.AreaMapper' mapperInterface. Bean already defined with the same name!
2020-07-01 18:05:15,110  WARN ClassPathMapperScanner:44 - Skipping MapperFactoryBean with name 'userRoleMapper' and 'com.sundeinfo.kd.zs.dao.UserRoleMapper' mapperInterface. Bean already defined with the same name!
2020-07-01 18:05:15,112  WARN ClassPathMapperScanner:44 - Skipping MapperFactoryBean with name 'schoolMapper' and 'com.sundeinfo.kd.zs.dao.SchoolMapper' mapperInterface. Bean already defined with the same name!
2020-07-01 18:05:15,113  WARN ClassPathMapperScanner:44 - Skipping MapperFactoryBean with name 'schoolRecruitPlanExtMapper' and 'com.sundeinfo.kd.zs.dao.SchoolRecruitPlanExtMapper' mapperInterface. Bean already defined with the same name!
2020-07-01 18:05:15,117  WARN ClassPathMapperScanner:44 - Skipping MapperFactoryBean with name 'schoolRecruitSeasonExtMapper' and 'com.sundeinfo.kd.zs.dao.SchoolRecruitSeasonExtMapper' mapperInterface. Bean already defined with the same name!
2020-07-01 18:05:15,119  WARN ClassPathMapperScanner:44 - Skipping MapperFactoryBean with name 'schoolRecruitSumExtMapper' and 'com.sundeinfo.kd.zs.dao.SchoolRecruitSumExtMapper' mapperInterface. Bean already defined with the same name!
2020-07-01 18:05:15,121  WARN ClassPathMapperScanner:44 - Skipping MapperFactoryBean with name 'schoolExtMapper' and 'com.sundeinfo.kd.zs.dao.SchoolExtMapper' mapperInterface. Bean already defined with the same name!
2020-07-01 18:05:15,125  WARN ClassPathMapperScanner:44 - Skipping MapperFactoryBean with name 'schoolGroupMapper' and 'com.sundeinfo.kd.zs.dao.SchoolGroupMapper' mapperInterface. Bean already defined with the same name!
2020-07-01 18:05:15,129  WARN ClassPathMapperScanner:44 - Skipping MapperFactoryBean with name 'schoolRecruitCountingExtMapper' and 'com.sundeinfo.kd.zs.dao.SchoolRecruitCountingExtMapper' mapperInterface. Bean already defined with the same name!
2020-07-01 18:05:15,131  WARN ClassPathMapperScanner:44 - Skipping MapperFactoryBean with name 'schoolRecruitSumMapper' and 'com.sundeinfo.kd.zs.dao.SchoolRecruitSumMapper' mapperInterface. Bean already defined with the same name!
2020-07-01 18:05:15,171  WARN ClassPathMapperScanner:44 - Skipping MapperFactoryBean with name 'permissionMapper' and 'com.sundeinfo.kd.zs.dao.PermissionMapper' mapperInterface. Bean already defined with the same name!
2020-07-01 18:05:15,174  WARN ClassPathMapperScanner:44 - Skipping MapperFactoryBean with name 'rolePermissionMapper' and 'com.sundeinfo.kd.zs.dao.RolePermissionMapper' mapperInterface. Bean already defined with the same name!
2020-07-01 18:05:15,177  WARN ClassPathMapperScanner:44 - Skipping MapperFactoryBean with name 'schoolRecruitCountingHistExtMapper' and 'com.sundeinfo.kd.zs.dao.SchoolRecruitCountingHistExtMapper' mapperInterface. Bean already defined with the same name!
2020-07-01 18:05:15,180  WARN ClassPathMapperScanner:44 - Skipping MapperFactoryBean with name 'roleMapper' and 'com.sundeinfo.kd.zs.dao.RoleMapper' mapperInterface. Bean already defined with the same name!
2020-07-01 18:05:15,183  WARN ClassPathMapperScanner:44 - Skipping MapperFactoryBean with name 'userMapper' and 'com.sundeinfo.kd.zs.dao.UserMapper' mapperInterface. Bean already defined with the same name!
2020-07-01 18:05:15,185  WARN ClassPathMapperScanner:44 - Skipping MapperFactoryBean with name 'userRoleCustomMapper' and 'com.sundeinfo.kd.zs.dao.custom.UserRoleCustomMapper' mapperInterface. Bean already defined with the same name!
2020-07-01 18:05:15,188  WARN ClassPathMapperScanner:44 - Skipping MapperFactoryBean with name 'schoolRecruitCountingMapper' and 'com.sundeinfo.kd.zs.dao.SchoolRecruitCountingMapper' mapperInterface. Bean already defined with the same name!
2020-07-01 18:05:15,191  WARN ClassPathMapperScanner:44 - Skipping MapperFactoryBean with name 'schoolTeacherCustomMapper' and 'com.sundeinfo.kd.zs.dao.custom.SchoolTeacherCustomMapper' mapperInterface. Bean already defined with the same name!
2020-07-01 18:05:15,195  WARN ClassPathMapperScanner:44 - Skipping MapperFactoryBean with name 'schoolGroupDetailMapper' and 'com.sundeinfo.kd.zs.dao.SchoolGroupDetailMapper' mapperInterface. Bean already defined with the same name!
2020-07-01 18:05:15,196  WARN ClassPathMapperScanner:44 - Skipping MapperFactoryBean with name 'schoolRecruitCountingHistMapper' and 'com.sundeinfo.kd.zs.dao.SchoolRecruitCountingHistMapper' mapperInterface. Bean already defined with the same name!
2020-07-01 18:05:15,198  WARN ClassPathMapperScanner:44 - Skipping MapperFactoryBean with name 'schoolTeacherMapper' and 'com.sundeinfo.kd.zs.dao.SchoolTeacherMapper' mapperInterface. Bean already defined with the same name!
2020-07-01 18:05:15,200  WARN ClassPathMapperScanner:44 - No MyBatis mapper was found in '[com.sundeinfo.kd.zs.dao]' package. Please check your configuration.
2020-07-01 18:05:16,356  INFO PostProcessorRegistrationDelegate$BeanPostProcessorChecker:330 - Bean 'org.springframework.security.config.annotation.configuration.ObjectPostProcessorConfiguration' of type [org.springframework.security.config.annotation.configuration.ObjectPostProcessorConfiguration] is not eligible for getting processed by all BeanPostProcessors (for example: not eligible for auto-proxying)
2020-07-01 18:05:16,379  INFO PostProcessorRegistrationDelegate$BeanPostProcessorChecker:330 - Bean 'objectPostProcessor' of type [org.springframework.security.config.annotation.configuration.AutowireBeanFactoryObjectPostProcessor] is not eligible for getting processed by all BeanPostProcessors (for example: not eligible for auto-proxying)
2020-07-01 18:05:16,389  INFO PostProcessorRegistrationDelegate$BeanPostProcessorChecker:330 - Bean 'org.springframework.security.access.expression.method.DefaultMethodSecurityExpressionHandler@74e52303' of type [org.springframework.security.access.expression.method.DefaultMethodSecurityExpressionHandler] is not eligible for getting processed by all BeanPostProcessors (for example: not eligible for auto-proxying)
2020-07-01 18:05:16,394  INFO PostProcessorRegistrationDelegate$BeanPostProcessorChecker:330 - Bean 'org.springframework.security.config.annotation.method.configuration.GlobalMethodSecurityConfiguration' of type [org.springframework.security.config.annotation.method.configuration.GlobalMethodSecurityConfiguration] is not eligible for getting processed by all BeanPostProcessors (for example: not eligible for auto-proxying)
2020-07-01 18:05:16,418  INFO PostProcessorRegistrationDelegate$BeanPostProcessorChecker:330 - Bean 'methodSecurityMetadataSource' of type [org.springframework.security.access.method.DelegatingMethodSecurityMetadataSource] is not eligible for getting processed by all BeanPostProcessors (for example: not eligible for auto-proxying)
2020-07-01 18:05:19,949  INFO TomcatWebServer:92 - Tomcat initialized with port(s): 8089 (http)
2020-07-01 18:05:23,523  INFO ContextLoader:284 - Root WebApplicationContext: initialization completed in 11568 ms
2020-07-01 18:05:28,704  INFO DefaultSecurityFilterChain:43 - Creating filter chain: any request, [org.springframework.security.web.context.request.async.WebAsyncManagerIntegrationFilter@41330d4f, org.springframework.security.web.context.SecurityContextPersistenceFilter@126253fd, org.springframework.security.web.header.HeaderWriterFilter@69504ae9, org.springframework.security.web.authentication.logout.LogoutFilter@4dc27487, com.sundeinfo.core.permission.strategy.token.AuthenticationTokenFilter@3a6bb9bf, org.springframework.security.web.savedrequest.RequestCacheAwareFilter@475c9c31, org.springframework.security.web.servletapi.SecurityContextHolderAwareRequestFilter@5c7bfdc1, org.springframework.security.web.authentication.AnonymousAuthenticationFilter@1b66c0fb, org.springframework.security.web.session.SessionManagementFilter@28cda624, org.springframework.security.web.access.ExceptionTranslationFilter@4f0f2942, org.springframework.security.web.access.intercept.FilterSecurityInterceptor@5a7fe64f]
2020-07-01 18:05:29,131  INFO ThreadPoolTaskExecutor:181 - Initializing ExecutorService 'applicationTaskExecutor'
2020-07-01 18:05:30,519  INFO ConditionEvaluationReportLoggingListener:136 - 

Error starting ApplicationContext. To display the conditions report re-run your application with 'debug' enabled.
2020-07-01 18:05:30,523 ERROR LoggingFailureAnalysisReporter:40 - 

***************************
APPLICATION FAILED TO START
***************************

Description:

Web server failed to start. Port 8089 was already in use.

Action:

Identify and stop the process that's listening on port 8089 or configure this application to listen on another port.

2020-07-01 18:05:30,538  INFO ThreadPoolTaskExecutor:218 - Shutting down ExecutorService 'applicationTaskExecutor'
2020-07-01 18:48:45,845  INFO Version:21 - HV000001: Hibernate Validator 6.0.18.Final
2020-07-01 18:48:46,365  INFO Application:55 - Starting Application v1.0 on DESKTOP-GT35828 with PID 32160 (D:\word\kdzs\kdzs\server\zs.application\target\kdzs.war started by zhouhaiming in D:\word\kdzs\kdzs\server\zs.application\target)
2020-07-01 18:48:46,367  INFO Application:655 - The following profiles are active: dev
2020-07-01 18:48:48,505  INFO RepositoryConfigurationDelegate:127 - Bootstrapping Spring Data JDBC repositories in DEFAULT mode.
2020-07-01 18:48:48,625  INFO RepositoryConfigurationDelegate:187 - Finished Spring Data repository scanning in 107ms. Found 0 JDBC repository interfaces.
2020-07-01 18:48:48,960  WARN ClassPathMapperScanner:44 - Skipping MapperFactoryBean with name 'schoolExtMapper' and 'com.sundeinfo.kd.zs.dao.SchoolExtMapper' mapperInterface. Bean already defined with the same name!
2020-07-01 18:48:48,961  WARN ClassPathMapperScanner:44 - Skipping MapperFactoryBean with name 'schoolGroupMapper' and 'com.sundeinfo.kd.zs.dao.SchoolGroupMapper' mapperInterface. Bean already defined with the same name!
2020-07-01 18:48:48,962  WARN ClassPathMapperScanner:44 - Skipping MapperFactoryBean with name 'schoolRecruitCountingHistExtMapper' and 'com.sundeinfo.kd.zs.dao.SchoolRecruitCountingHistExtMapper' mapperInterface. Bean already defined with the same name!
2020-07-01 18:48:48,963  WARN ClassPathMapperScanner:44 - Skipping MapperFactoryBean with name 'schoolRecruitSumMapper' and 'com.sundeinfo.kd.zs.dao.SchoolRecruitSumMapper' mapperInterface. Bean already defined with the same name!
2020-07-01 18:48:48,964  WARN ClassPathMapperScanner:44 - Skipping MapperFactoryBean with name 'areaMapper' and 'com.sundeinfo.kd.zs.dao.AreaMapper' mapperInterface. Bean already defined with the same name!
2020-07-01 18:48:48,966  WARN ClassPathMapperScanner:44 - Skipping MapperFactoryBean with name 'roleMapper' and 'com.sundeinfo.kd.zs.dao.RoleMapper' mapperInterface. Bean already defined with the same name!
2020-07-01 18:48:48,967  WARN ClassPathMapperScanner:44 - Skipping MapperFactoryBean with name 'schoolRecruitPlanMapper' and 'com.sundeinfo.kd.zs.dao.SchoolRecruitPlanMapper' mapperInterface. Bean already defined with the same name!
2020-07-01 18:48:48,969  WARN ClassPathMapperScanner:44 - Skipping MapperFactoryBean with name 'schoolRecruitSumExtMapper' and 'com.sundeinfo.kd.zs.dao.SchoolRecruitSumExtMapper' mapperInterface. Bean already defined with the same name!
2020-07-01 18:48:48,973  WARN ClassPathMapperScanner:44 - Skipping MapperFactoryBean with name 'rolePermissionCustomMapper' and 'com.sundeinfo.kd.zs.dao.custom.RolePermissionCustomMapper' mapperInterface. Bean already defined with the same name!
2020-07-01 18:48:48,975  WARN ClassPathMapperScanner:44 - Skipping MapperFactoryBean with name 'schoolRecruitCountingMapper' and 'com.sundeinfo.kd.zs.dao.SchoolRecruitCountingMapper' mapperInterface. Bean already defined with the same name!
2020-07-01 18:48:48,976  WARN ClassPathMapperScanner:44 - Skipping MapperFactoryBean with name 'schoolRecruitSeasonExtMapper' and 'com.sundeinfo.kd.zs.dao.SchoolRecruitSeasonExtMapper' mapperInterface. Bean already defined with the same name!
2020-07-01 18:48:48,979  WARN ClassPathMapperScanner:44 - Skipping MapperFactoryBean with name 'schoolRecruitPlanExtMapper' and 'com.sundeinfo.kd.zs.dao.SchoolRecruitPlanExtMapper' mapperInterface. Bean already defined with the same name!
2020-07-01 18:48:48,983  WARN ClassPathMapperScanner:44 - Skipping MapperFactoryBean with name 'schoolRecruitSeasonMapper' and 'com.sundeinfo.kd.zs.dao.SchoolRecruitSeasonMapper' mapperInterface. Bean already defined with the same name!
2020-07-01 18:48:48,985  WARN ClassPathMapperScanner:44 - Skipping MapperFactoryBean with name 'userMapper' and 'com.sundeinfo.kd.zs.dao.UserMapper' mapperInterface. Bean already defined with the same name!
2020-07-01 18:48:48,987  WARN ClassPathMapperScanner:44 - Skipping MapperFactoryBean with name 'schoolGroupDetailMapper' and 'com.sundeinfo.kd.zs.dao.SchoolGroupDetailMapper' mapperInterface. Bean already defined with the same name!
2020-07-01 18:48:48,988  WARN ClassPathMapperScanner:44 - Skipping MapperFactoryBean with name 'schoolRecruitCountingExtMapper' and 'com.sundeinfo.kd.zs.dao.SchoolRecruitCountingExtMapper' mapperInterface. Bean already defined with the same name!
2020-07-01 18:48:48,989  WARN ClassPathMapperScanner:44 - Skipping MapperFactoryBean with name 'schoolTeacherMapper' and 'com.sundeinfo.kd.zs.dao.SchoolTeacherMapper' mapperInterface. Bean already defined with the same name!
2020-07-01 18:48:48,991  WARN ClassPathMapperScanner:44 - Skipping MapperFactoryBean with name 'schoolTeacherCustomMapper' and 'com.sundeinfo.kd.zs.dao.custom.SchoolTeacherCustomMapper' mapperInterface. Bean already defined with the same name!
2020-07-01 18:48:48,993  WARN ClassPathMapperScanner:44 - Skipping MapperFactoryBean with name 'userRoleCustomMapper' and 'com.sundeinfo.kd.zs.dao.custom.UserRoleCustomMapper' mapperInterface. Bean already defined with the same name!
2020-07-01 18:48:48,994  WARN ClassPathMapperScanner:44 - Skipping MapperFactoryBean with name 'permissionMapper' and 'com.sundeinfo.kd.zs.dao.PermissionMapper' mapperInterface. Bean already defined with the same name!
2020-07-01 18:48:48,996  WARN ClassPathMapperScanner:44 - Skipping MapperFactoryBean with name 'rolePermissionMapper' and 'com.sundeinfo.kd.zs.dao.RolePermissionMapper' mapperInterface. Bean already defined with the same name!
2020-07-01 18:48:48,999  WARN ClassPathMapperScanner:44 - Skipping MapperFactoryBean with name 'schoolMapper' and 'com.sundeinfo.kd.zs.dao.SchoolMapper' mapperInterface. Bean already defined with the same name!
2020-07-01 18:48:49,000  WARN ClassPathMapperScanner:44 - Skipping MapperFactoryBean with name 'schoolRecruitCountingHistMapper' and 'com.sundeinfo.kd.zs.dao.SchoolRecruitCountingHistMapper' mapperInterface. Bean already defined with the same name!
2020-07-01 18:48:49,003  WARN ClassPathMapperScanner:44 - Skipping MapperFactoryBean with name 'userRoleMapper' and 'com.sundeinfo.kd.zs.dao.UserRoleMapper' mapperInterface. Bean already defined with the same name!
2020-07-01 18:48:49,042  WARN ClassPathMapperScanner:44 - No MyBatis mapper was found in '[com.sundeinfo.kd.zs.dao]' package. Please check your configuration.
2020-07-01 18:48:50,022  INFO PostProcessorRegistrationDelegate$BeanPostProcessorChecker:330 - Bean 'org.springframework.security.config.annotation.configuration.ObjectPostProcessorConfiguration' of type [org.springframework.security.config.annotation.configuration.ObjectPostProcessorConfiguration] is not eligible for getting processed by all BeanPostProcessors (for example: not eligible for auto-proxying)
2020-07-01 18:48:50,035  INFO PostProcessorRegistrationDelegate$BeanPostProcessorChecker:330 - Bean 'objectPostProcessor' of type [org.springframework.security.config.annotation.configuration.AutowireBeanFactoryObjectPostProcessor] is not eligible for getting processed by all BeanPostProcessors (for example: not eligible for auto-proxying)
2020-07-01 18:48:50,041  INFO PostProcessorRegistrationDelegate$BeanPostProcessorChecker:330 - Bean 'org.springframework.security.access.expression.method.DefaultMethodSecurityExpressionHandler@42e99e4a' of type [org.springframework.security.access.expression.method.DefaultMethodSecurityExpressionHandler] is not eligible for getting processed by all BeanPostProcessors (for example: not eligible for auto-proxying)
2020-07-01 18:48:50,047  INFO PostProcessorRegistrationDelegate$BeanPostProcessorChecker:330 - Bean 'org.springframework.security.config.annotation.method.configuration.GlobalMethodSecurityConfiguration' of type [org.springframework.security.config.annotation.method.configuration.GlobalMethodSecurityConfiguration] is not eligible for getting processed by all BeanPostProcessors (for example: not eligible for auto-proxying)
2020-07-01 18:48:50,066  INFO PostProcessorRegistrationDelegate$BeanPostProcessorChecker:330 - Bean 'methodSecurityMetadataSource' of type [org.springframework.security.access.method.DelegatingMethodSecurityMetadataSource] is not eligible for getting processed by all BeanPostProcessors (for example: not eligible for auto-proxying)
2020-07-01 18:48:52,609  INFO TomcatWebServer:92 - Tomcat initialized with port(s): 8089 (http)
2020-07-01 18:48:56,548  INFO ContextLoader:284 - Root WebApplicationContext: initialization completed in 10039 ms
2020-07-01 18:49:01,402  INFO DefaultSecurityFilterChain:43 - Creating filter chain: any request, [org.springframework.security.web.context.request.async.WebAsyncManagerIntegrationFilter@14dd7b39, org.springframework.security.web.context.SecurityContextPersistenceFilter@29d80d2b, org.springframework.security.web.header.HeaderWriterFilter@210ab13f, org.springframework.security.web.authentication.logout.LogoutFilter@28cda624, com.sundeinfo.core.permission.strategy.token.AuthenticationTokenFilter@19d481b, org.springframework.security.web.savedrequest.RequestCacheAwareFilter@446a1e84, org.springframework.security.web.servletapi.SecurityContextHolderAwareRequestFilter@2657d4dd, org.springframework.security.web.authentication.AnonymousAuthenticationFilter@66ea810, org.springframework.security.web.session.SessionManagementFilter@7857fe2, org.springframework.security.web.access.ExceptionTranslationFilter@34bde49d, org.springframework.security.web.access.intercept.FilterSecurityInterceptor@46d59067]
2020-07-01 18:49:01,753  INFO ThreadPoolTaskExecutor:181 - Initializing ExecutorService 'applicationTaskExecutor'
2020-07-01 18:49:02,847  INFO TomcatWebServer:204 - Tomcat started on port(s): 8089 (http) with context path ''
2020-07-01 18:49:02,854  INFO Application:61 - Started Application in 17.601 seconds (JVM running for 19.619)
2020-07-01 18:50:12,046  INFO DispatcherServlet:525 - Initializing Servlet 'dispatcherServlet'
2020-07-01 18:50:12,066  INFO DispatcherServlet:547 - Completed initialization in 19 ms
2020-07-01 18:50:12,257  WARN PageNotFound:1251 - No mapping for GET /favicon.ico
